  board.cpp
  game.cpp
C:\Users\Eliott\source\repos\PokeChess\board.h(64,2): error C2143: erreur de syntaxe : absence de ';' avant '*'
C:\Users\Eliott\source\repos\PokeChess\board.h(64,2): error C4430: spécificateur de type manquant - int est pris en compte par défaut. Remarque : C++ ne prend pas en charge int par défaut
C:\Users\Eliott\source\repos\PokeChess\board.h(64,2): error C2238: jetons inattendus avant ';'
C:\Users\Eliott\source\repos\PokeChess\board.h(64,2): error C3613: type de retour manquant après '->' ('int' pris par défaut)
C:\Users\Eliott\source\repos\PokeChess\board.h(64,2): error C3646: 'Game' : spécificateur de substitution inconnu
C:\Users\Eliott\source\repos\PokeChess\board.h(64,2): error C2143: erreur de syntaxe : absence de ';' avant '&'
C:\Users\Eliott\source\repos\PokeChess\board.h(64,2): error C2059: erreur de syntaxe : '&'
C:\Users\Eliott\source\repos\PokeChess\board.h(64,2): error C2334: jetons inattendus avant '{' ; corps apparent de la fonction ignoré
C:\Users\Eliott\source\repos\PokeChess\board.h(64,2): error C2061: erreur de syntaxe : identificateur 'Game'
C:\Users\Eliott\source\repos\PokeChess\board.h(64,2): error C2065: 'game__softref_ptr' : identificateur non déclaré
C:\Users\Eliott\source\repos\PokeChess\board.h(64,2): error C2065: 'ptr' : identificateur non déclaré
C:\Users\Eliott\source\repos\PokeChess\game.cpp(10,2): error C2664: 'void Game::init__board__softref(Board *)' : impossible de convertir l'argument 1 de 'Board' en 'Board *'
C:\Users\Eliott\source\repos\PokeChess\game.cpp(10,15): message : Aucun opérateur de conversion définie par l'utilisateur disponible qui puisse effectuer cette conversion, ou l'opérateur ne peut pas être appelé
C:\Users\Eliott\source\repos\PokeChess\game.h(14,2): message : voir la déclaration de 'Game::init__board__softref'
C:\Users\Eliott\source\repos\PokeChess\game.cpp(10,2): message : lors de la tentative de mise en correspondance de la liste des arguments '(Board)'
C:\Users\Eliott\source\repos\PokeChess\game.cpp(12,1): error C2143: erreur de syntaxe : absence de ';' avant '}'
  main.cpp
C:\Users\Eliott\source\repos\PokeChess\board.h(64,2): error C2143: erreur de syntaxe : absence de ';' avant '*'
C:\Users\Eliott\source\repos\PokeChess\board.h(64,2): error C4430: spécificateur de type manquant - int est pris en compte par défaut. Remarque : C++ ne prend pas en charge int par défaut
C:\Users\Eliott\source\repos\PokeChess\board.h(64,2): error C2238: jetons inattendus avant ';'
C:\Users\Eliott\source\repos\PokeChess\board.h(64,2): error C3613: type de retour manquant après '->' ('int' pris par défaut)
C:\Users\Eliott\source\repos\PokeChess\board.h(64,2): error C3646: 'Game' : spécificateur de substitution inconnu
C:\Users\Eliott\source\repos\PokeChess\board.h(64,2): error C2143: erreur de syntaxe : absence de ';' avant '&'
C:\Users\Eliott\source\repos\PokeChess\board.h(64,2): error C2059: erreur de syntaxe : '&'
C:\Users\Eliott\source\repos\PokeChess\board.h(64,2): error C2334: jetons inattendus avant '{' ; corps apparent de la fonction ignoré
C:\Users\Eliott\source\repos\PokeChess\board.h(64,2): error C2061: erreur de syntaxe : identificateur 'Game'
C:\Users\Eliott\source\repos\PokeChess\board.h(64,2): error C2065: 'game__softref_ptr' : identificateur non déclaré
C:\Users\Eliott\source\repos\PokeChess\board.h(64,2): error C2065: 'ptr' : identificateur non déclaré
C:\Users\Eliott\source\repos\PokeChess\main.cpp(30,3): error C2065: 'window' : identificateur non déclaré
C:\Users\Eliott\source\repos\PokeChess\main.cpp(34,7): error C2065: 'window' : identificateur non déclaré
C:\Users\Eliott\source\repos\PokeChess\main.cpp(40,4): error C2065: 'board' : identificateur non déclaré
C:\Users\Eliott\source\repos\PokeChess\main.cpp(41,4): error C2065: 'screen' : identificateur non déclaré
C:\Users\Eliott\source\repos\PokeChess\main.cpp(41,13): error C2065: 'window' : identificateur non déclaré
C:\Users\Eliott\source\repos\PokeChess\main.cpp(55,2): error C2065: 'drawing_board' : identificateur non déclaré
C:\Users\Eliott\source\repos\PokeChess\main.cpp(57,18): error C2065: 'board' : identificateur non déclaré
C:\Users\Eliott\source\repos\PokeChess\main.cpp(58,16): error C2065: 'TILE_SIZE' : identificateur non déclaré
C:\Users\Eliott\source\repos\PokeChess\main.cpp(59,16): error C2065: 'TILE_SIZE' : identificateur non déclaré
C:\Users\Eliott\source\repos\PokeChess\main.cpp(61,18): error C2065: 'drawing_board' : identificateur non déclaré
C:\Users\Eliott\source\repos\PokeChess\main.cpp(64,2): error C2065: 'drawing_board' : identificateur non déclaré
C:\Users\Eliott\source\repos\PokeChess\main.cpp(64,21): error C2065: 'board' : identificateur non déclaré
C:\Users\Eliott\source\repos\PokeChess\main.cpp(67,18): error C2065: 'screen' : identificateur non déclaré
C:\Users\Eliott\source\repos\PokeChess\main.cpp(70,2): error C2065: 'screen' : identificateur non déclaré
C:\Users\Eliott\source\repos\PokeChess\main.cpp(70,14): error C2065: 'drawing_board' : identificateur non déclaré
C:\Users\Eliott\source\repos\PokeChess\main.cpp(81,4): error C2065: 'screen' : identificateur non déclaré
C:\Users\Eliott\source\repos\PokeChess\main.cpp(81,13): error C2065: 'window' : identificateur non déclaré
C:\Users\Eliott\source\repos\PokeChess\main.cpp(94,2): error C2065: 'screen' : identificateur non déclaré
C:\Users\Eliott\source\repos\PokeChess\main.cpp(97,2): error C2065: 'window' : identificateur non déclaré
  piece.cpp
