c:\users\elève\source\repos\pokechess\x64\debug\vc143.pdb
c:\users\elève\source\repos\pokechess\x64\debug\vc143.idb
c:\users\elève\source\repos\pokechess\x64\debug\main.obj
c:\users\elève\source\repos\pokechess\x64\debug\board.obj
c:\users\elève\source\repos\pokechess\x64\debug\poketyping.obj
c:\users\elève\source\repos\pokechess\x64\debug\piece.obj
c:\users\elève\source\repos\pokechess\x64\debug\sdl+.obj
c:\users\elève\source\repos\pokechess\x64\debug\pokechess.exe
c:\users\elève\source\repos\pokechess\x64\debug\pokechess.ilk
c:\users\elève\source\repos\pokechess\x64\debug\pokechess.pdb
c:\users\elève\source\repos\pokechess\x64\debug\pokechess.tlog\cl.command.1.tlog
c:\users\elève\source\repos\pokechess\x64\debug\pokechess.tlog\cl.read.1.tlog
c:\users\elève\source\repos\pokechess\x64\debug\pokechess.tlog\cl.write.1.tlog
c:\users\elève\source\repos\pokechess\x64\debug\pokechess.tlog\link-cvtres.read.1.tlog
c:\users\elève\source\repos\pokechess\x64\debug\pokechess.tlog\link-cvtres.write.1.tlog
c:\users\elève\source\repos\pokechess\x64\debug\pokechess.tlog\link-rc.read.1.tlog
c:\users\elève\source\repos\pokechess\x64\debug\pokechess.tlog\link-rc.write.1.tlog
c:\users\elève\source\repos\pokechess\x64\debug\pokechess.tlog\link.4376-cvtres.read.1.tlog
c:\users\elève\source\repos\pokechess\x64\debug\pokechess.tlog\link.4376-cvtres.write.1.tlog
c:\users\elève\source\repos\pokechess\x64\debug\pokechess.tlog\link.4376-rc.read.1.tlog
c:\users\elève\source\repos\pokechess\x64\debug\pokechess.tlog\link.4376-rc.write.1.tlog
c:\users\elève\source\repos\pokechess\x64\debug\pokechess.tlog\link.4376.read.1.tlog
c:\users\elève\source\repos\pokechess\x64\debug\pokechess.tlog\link.4376.read.2.tlog
c:\users\elève\source\repos\pokechess\x64\debug\pokechess.tlog\link.4376.write.1.tlog
c:\users\elève\source\repos\pokechess\x64\debug\pokechess.tlog\link.command.1.tlog
c:\users\elève\source\repos\pokechess\x64\debug\pokechess.tlog\link.read.1.tlog
c:\users\elève\source\repos\pokechess\x64\debug\pokechess.tlog\link.read.2.tlog
c:\users\elève\source\repos\pokechess\x64\debug\pokechess.tlog\link.write.1.tlog
